checking in acrss2.m
checking in aspec.m
checking in aspecomputem.m
checking in aspecp.m
checking in aspecp.mat
checking in aspecplot.m
checking in aspecplot.mat
checking in cdp3d_v2.m
checking in cdpt3d.m
checking in findref3d.m
checking in rotcoord.m
checking in slicefmap.m
checking in stack.m
checking in demoproc.m
checking in dsidemo.m
checking in dsidemo.mat
checking in nm_bal.mat
checking in norpoly.mat
checking in process.m
checking in apr21downreject.mat
checking in apr21tubereject.mat
checking in apr21tubereject2.mat
checking in demo2.m
checking in demo2.mat
checking in demodata.mat
checking in demoproc0.m
checking in demoproc1.m
checking in demoproc2.m
checking in demoproc3.m
checking in demoproc4.m
checking in demoproc5.m
checking in dispcrss.m
checking in displayl.m
checking in displayl.mat
checking in dispmenu.m
checking in dispmenu.mat
checking in dispseis.m
checking in seisatrplot.m
checking in seisplot.m
checking in seisplot.m_backup
checking in fkfig3.m
checking in fkfig3.mat
checking in fkfilt.m
checking in fkmenu.m
checking in fkmenu.mat
checking in fkpoly.m
checking in fkquit.m
checking in fkquit.mat
checking in pick_fk.m
checking in agc.m
checking in agcmem.m
checking in amodule.m
checking in asc2mat.m
checking in autocor.m
checking in azimuth.m
checking in b_rise.m
checking in bandpass.m
checking in bison2mat.m
checking in butw.m
checking in corrot.m
checking in crosswire.crs
checking in dad2xyz_new.m
checking in debias.m
checking in dsi_end.m
checking in dsi_start.m
checking in ener.m
checking in equa.m
checking in flat.m
checking in flat2.m
checking in handrot.m
checking in hannband.m
checking in hannhigh.m
checking in hannlow.m
checking in harmon.m
checking in harmon_new.m
checking in ibm2ieee.m
checking in ita2mat.m
checking in kill.m
checking in mat2asc.m
checking in mat2segy.m
checking in meanfilt.m
checking in medi_filt.m
checking in medirm.m
checking in merge_files.m
checking in mix.m
checking in mute.m
checking in mute2.m
checking in noch.m
checking in pack_good.m
checking in pad.m
checking in padbefore.m
checking in preddecon.m
checking in profil.m
checking in readascii.m
checking in resamp.m
checking in rot3c.m
checking in rot3c_eig.m
checking in rot_bal.m
checking in rot_deg.m
checking in s2r_geom.m
checking in seg2mat.m
checking in segy2mat.m
checking in sft.m
checking in sgy2dsi.crs
checking in shft.m
checking in sortrec.m
checking in sortrec_many.m
checking in sortrec_new.m
checking in subr.m
checking in subset.m
checking in synplane.m
checking in synptdiff.m
checking in thread.m
checking in thwrite.m
checking in tred.m
checking in trim.m
checking in txdirect.m
checking in txplane.m
checking in txptdiff.m
checking in unflat.m
checking in unflat2.m
checking in vaplot.m
checking in vaplotrec.m
checking in greenpeaks.m
checking in killint.m
checking in killint3.m
checking in pick1comp.m
checking in pick1compmenu.m
checking in pick1compmenu.mat
checking in pick1compplot.m
checking in pick1compplot.mat
checking in pick1quit.m
checking in pick1quit.mat
checking in pickfb.m
checking in pickmenu.m
checking in pickmenu.mat
checking in pickplot.m
checking in pickplot.mat
checking in pickquit.m
checking in pickquit.mat
checking in picktimes2.m
checking in picktimes3.m
checking in tune1comp.m
checking in tune3comp.m
checking in dispph.m
checking in dispph.mat
checking in plothd.m
checking in plothead.m
checking in plothead.mat
